\BOOKMARK [1][-]{section*.2}{\376\377\000A\000u\000t\000h\000o\000r}{}% 1
\BOOKMARK [1][-]{section*.3}{\376\377\000A\000b\000s\000t\000r\000u\000c\000t}{}% 2
\BOOKMARK [1][-]{section*.4}{\376\377\213\376\230\230\142\147\210\114\000\050\145\207\150\143\117\356\213\242\000\051\213\260\137\125\210\150}{}% 3
\BOOKMARK [1][-]{section.1}{\376\377\174\373\176\337\213\276\213\241}{}% 4
\BOOKMARK [2][-]{subsection.1.1}{\376\377\151\202\211\201\213\276\213\241}{section.1}% 5
\BOOKMARK [3][-]{subsubsection.1.1.1}{\376\377\174\373\176\337\150\106\147\266\213\276\213\241}{subsection.1.1}% 6
\BOOKMARK [3][-]{subsubsection.1.1.2}{\376\377\174\373\176\337\122\237\200\375\213\276\213\241}{subsection.1.1}% 7
\BOOKMARK [2][-]{subsection.1.2}{\376\377\122\237\200\375\213\276\213\241}{section.1}% 8
\BOOKMARK [3][-]{subsubsection.1.2.1}{\376\377\122\237\200\375\0001}{subsection.1.2}% 9
\BOOKMARK [3][-]{subsubsection.1.2.2}{\376\377\122\237\200\375\0002}{subsection.1.2}% 10
\BOOKMARK [2][-]{subsection.1.3}{\376\377\145\160\143\156\136\223\213\276\213\241}{section.1}% 11
\BOOKMARK [1][-]{section.2}{\376\377\174\373\176\337\133\236\163\260}{}% 12
\BOOKMARK [2][-]{subsection.2.1}{\376\377\122\115\172\357\133\236\163\260}{section.2}% 13
\BOOKMARK [2][-]{subsection.2.2}{\376\377\124\016\172\357\133\236\163\260}{section.2}% 14
\BOOKMARK [1][-]{section.3}{\376\377\176\323\147\137\213\355}{}% 15
\BOOKMARK [2][-]{subsection.3.1}{\376\377\140\073\176\323}{section.3}% 16
\BOOKMARK [2][-]{subsection.3.2}{\376\377\116\015\215\263\116\016\134\125\147\033}{section.3}% 17
\BOOKMARK [1][-]{section.4}{\376\377\000A\000c\000t\000o\000r\000s\000\040\000a\000n\000d\000\040\000F\000u\000n\000c\000t\000i\000o\000n\000s}{}% 18
\BOOKMARK [2][-]{subsection.4.1}{\376\377\000A\000c\000t\000o\000r\000s}{section.4}% 19
\BOOKMARK [2][-]{subsection.4.2}{\376\377\000F\000u\000n\000c\000t\000i\000o\000n\000s}{section.4}% 20
\BOOKMARK [1][-]{section.5}{\376\377\000U\000s\000e\000r\000\040\000S\000c\000e\000n\000a\000r\000i\000o}{}% 21
\BOOKMARK [2][-]{subsection.5.1}{\376\377\000S\000c\000e\000n\000a\000r\000i\000o\000\040\0001\000:\000\040\000L\000o\000g\000i\000n\000\040\000t\000o\000\040\000t\000h\000e\000\040\000s\000y\000s\000t\000e\000m}{section.5}% 22
\BOOKMARK [2][-]{subsection.5.2}{\376\377\000S\000c\000e\000n\000a\000r\000i\000o\000\040\0002\000:\000\040\000M\000o\000d\000i\000f\000y\000\040\000P\000r\000o\000f\000i\000l\000e}{section.5}% 23
\BOOKMARK [2][-]{subsection.5.3}{\376\377\000S\000c\000e\000n\000a\000r\000i\000o\000\040\0003\000:\000\040\000A\000c\000c\000e\000s\000s\000\040\000C\000a\000m\000e\000r\000a\000\040\000S\000u\000r\000v\000e\000i\000l\000l\000a\000n\000c\000e}{section.5}% 24
\BOOKMARK [2][-]{subsection.5.4}{\376\377\000S\000c\000e\000n\000a\000r\000i\000o\000\040\0004\000:\000\040\000A\000c\000t\000i\000v\000a\000t\000e\000\040\000a\000n\000d\000\040\000D\000e\000a\000c\000t\000i\000v\000a\000t\000e\000\040\000t\000h\000e\000\040\000C\000a\000m\000e\000r\000a\000s\000\040\000a\000n\000d\000\040\000S\000e\000n\000s\000o\000r\000s}{section.5}% 25
\BOOKMARK [2][-]{subsection.5.5}{\376\377\000S\000c\000e\000n\000a\000r\000i\000o\000\040\0005\000:\000\040\000R\000e\000g\000i\000s\000t\000e\000r\000\040\000n\000e\000w\000\040\000H\000o\000m\000e\000o\000w\000n\000e\000r\000/\000D\000e\000l\000e\000t\000e\000\040\000H\000o\000m\000e\000o\000w\000n\000e\000r}{section.5}% 26
\BOOKMARK [2][-]{subsection.5.6}{\376\377\000S\000c\000e\000n\000a\000r\000i\000o\000\040\0006\000:\000\040\000A\000d\000d\000/\000R\000e\000m\000o\000v\000e\000\040\000C\000a\000m\000e\000r\000a\000\040\000o\000r\000\040\000S\000e\000n\000s\000o\000r}{section.5}% 27
\BOOKMARK [2][-]{subsection.5.7}{\376\377\000S\000c\000e\000n\000a\000r\000i\000o\000\040\0007\000:\000\040\000C\000o\000n\000t\000a\000c\000t\000\040\000H\000o\000m\000e\000o\000w\000n\000e\000r\000o\000r\000\040\000E\000m\000e\000r\000g\000e\000n\000c\000y\000\040\000s\000e\000r\000v\000i\000c\000e\000\040\000w\000h\000e\000n\000\040\000E\000m\000e\000r\000g\000e\000n\000c\000y\000\040\000o\000c\000c\000u\000r\000s}{section.5}% 28
\BOOKMARK [1][-]{section.6}{\376\377\000F\000o\000r\000m\000a\000l\000\040\000U\000s\000e\000\040\000C\000a\000s\000e}{}% 29
\BOOKMARK [2][-]{subsection.6.1}{\376\377\000U\000s\000e\000\040\000C\000a\000s\000e\000\040\0001\000:\000\040\000L\000o\000g\000i\000n\000\040\000t\000o\000\040\000t\000h\000e\000\040\000S\000y\000s\000t\000e\000m}{section.6}% 30
\BOOKMARK [2][-]{subsection.6.2}{\376\377\000U\000s\000e\000\040\000C\000a\000s\000e\000\040\0002\000:\000\040\000M\000o\000d\000i\000f\000y\000\040\000P\000r\000o\000f\000i\000l\000e}{section.6}% 31
\BOOKMARK [2][-]{subsection.6.3}{\376\377\000U\000s\000e\000\040\000C\000a\000s\000e\000\040\0003\000:\000\040\000A\000c\000c\000e\000s\000s\000\040\000C\000a\000m\000e\000r\000a\000\040\000S\000u\000r\000v\000e\000i\000l\000l\000a\000n\000c\000e}{section.6}% 32
\BOOKMARK [2][-]{subsection.6.4}{\376\377\000U\000s\000e\000\040\000C\000a\000s\000e\000\040\0004\000:\000\040\000A\000c\000t\000i\000v\000a\000t\000e\000\040\000/\000\040\000D\000e\000a\000c\000t\000i\000v\000a\000t\000e\000\040\000t\000h\000e\000\040\000C\000a\000m\000e\000r\000a\000s\000\040\000a\000n\000d\000\040\000S\000e\000n\000s\000o\000r\000s}{section.6}% 33
\BOOKMARK [2][-]{subsection.6.5}{\376\377\000U\000s\000e\000\040\000C\000a\000s\000e\000\040\0005\000:\000\040\000R\000e\000g\000i\000s\000t\000e\000r\000\040\000n\000e\000w\000\040\000H\000o\000m\000e\000o\000w\000n\000e\000r\000/\000D\000e\000l\000e\000t\000e\000\040\000H\000o\000m\000e\000o\000w\000n\000e\000r}{section.6}% 34
\BOOKMARK [2][-]{subsection.6.6}{\376\377\000U\000s\000e\000\040\000C\000a\000s\000e\000\040\0006\000:\000\040\000A\000d\000d\000/\000R\000e\000m\000o\000v\000e\000\040\000C\000a\000m\000e\000r\000a\000\040\000o\000r\000\040\000S\000e\000n\000s\000o\000r}{section.6}% 35
\BOOKMARK [2][-]{subsection.6.7}{\376\377\000U\000s\000e\000\040\000C\000a\000s\000e\000\040\0007\000:\000\040\000C\000o\000n\000t\000a\000c\000t\000\040\000H\000o\000m\000e\000o\000w\000n\000e\000r\000\040\000o\000r\000\040\000E\000m\000e\000r\000g\000e\000n\000c\000y\000\040\000s\000e\000r\000v\000i\000c\000e\000\040\000w\000h\000e\000n\000\040\000E\000m\000e\000r\000g\000e\000n\000c\000y\000\040\000o\000c\000c\000u\000r\000s}{section.6}% 36
\BOOKMARK [1][-]{section.7}{\376\377\000S\000w\000i\000m\000l\000a\000n\000e\000\040\000D\000i\000a\000g\000r\000a\000m}{}% 37
\BOOKMARK [2][-]{subsection.7.1}{\376\377\000D\000i\000a\000g\000r\000a\000m\000\040\0001\000:\000\040\000L\000o\000g\000i\000n\000\040\000t\000o\000\040\000t\000h\000e\000\040\000S\000y\000s\000t\000e\000m}{section.7}% 38
\BOOKMARK [2][-]{subsection.7.2}{\376\377\000D\000i\000a\000g\000r\000a\000m\000\040\0002\000:\000\040\000M\000o\000d\000i\000f\000y\000\040\000P\000r\000o\000f\000i\000l\000e}{section.7}% 39
\BOOKMARK [2][-]{subsection.7.3}{\376\377\000D\000i\000a\000g\000r\000a\000m\000\040\0003\000:\000\040\000A\000c\000c\000e\000s\000s\000\040\000C\000a\000m\000e\000r\000a\000\040\000S\000u\000r\000v\000e\000i\000l\000l\000a\000n\000c\000e}{section.7}% 40
\BOOKMARK [2][-]{subsection.7.4}{\376\377\000D\000i\000a\000g\000r\000a\000m\000\040\0004\000:\000\040\000A\000c\000t\000i\000v\000a\000t\000e\000\040\000/\000\040\000D\000e\000a\000c\000t\000i\000v\000a\000t\000e\000\040\000t\000h\000e\000\040\000C\000a\000m\000e\000r\000a\000s\000\040\000a\000n\000d\000\040\000S\000e\000n\000s\000o\000r\000s}{section.7}% 41
\BOOKMARK [2][-]{subsection.7.5}{\376\377\000D\000i\000a\000g\000r\000a\000m\000\040\0005\000:\000\040\000R\000e\000g\000i\000s\000t\000e\000r\000\040\000n\000e\000w\000\040\000H\000o\000m\000e\000o\000w\000n\000e\000r\000/\000D\000e\000l\000e\000t\000e\000\040\000H\000o\000m\000e\000o\000w\000n\000e\000r}{section.7}% 42
\BOOKMARK [2][-]{subsection.7.6}{\376\377\000D\000i\000a\000g\000r\000a\000m\000\040\0006\000:\000\040\000A\000d\000d\000/\000R\000e\000m\000o\000v\000e\000\040\000C\000a\000m\000e\000r\000a\000\040\000o\000r\000\040\000S\000e\000n\000s\000o\000r}{section.7}% 43
\BOOKMARK [2][-]{subsection.7.7}{\376\377\000D\000i\000a\000g\000r\000a\000m\000\040\0007\000:\000\040\000C\000o\000n\000t\000a\000c\000t\000\040\000H\000o\000m\000e\000o\000w\000n\000e\000r\000o\000r\000\040\000E\000m\000e\000r\000g\000e\000n\000c\000y\000\040\000s\000e\000r\000v\000i\000c\000e\000\040\000w\000h\000e\000n\000\040\000E\000m\000e\000r\000g\000e\000n\000c\000y\000\040\000o\000c\000c\000u\000r\000s}{section.7}% 44
\BOOKMARK [1][-]{section*.17}{\376\377\000R\000e\000f\000e\000r\000e\000n\000c\000e}{}% 45
